2025-12-11T19:27:14+00:00 DEBUG POST: https://business-api.tiktok.com/tbp/v2.0/business_profile/disconnect?external_data=

{"business_platform":"WOO_COMMERCE","external_business_id":"tt4b_woocommerce_693b04f23d908"}
 ajax: no
2025-12-11T19:27:14+00:00 DEBUG Tt4b_Mapi_Class::tbp_post: Response: 

HTTP/1.1 200 OK
Content-Type: application/json; charset=utf-8
Content-Length: 95
X-Api-Deprecation-Info: API for Business Version 1.3 is now live. To avoid disruption to your business, we recommend you migrate all calls to v1.3 as soon as possible. Please visit our migration guide for more details: https://ads.tiktok.com/marketing_api/docs?id=1740029169927169
X-Domain-Change-Info: We have moved to the new domain business-api.tiktok.com for API services after the Platform Upgrade on 09/30/2021. Please update all of your requests with the new domain if you haven't done so already. For more information, please visit https://ads.tiktok.com/marketing_api/docs?rid=esb88xalm6m&id=1709207085043713
X-Tt-Logid: 202512120327154E554AD789066A68F3EA
Access-Control-Expose-Headers: x-tt-traceflag,x-tt-logid
x-tt-trace-host: 014b016772da484b14ea443830800fc5025a6c185fb78813d9c2ee6ac5b14d15ce493ffae1eb63ccc4a0577978e6d634f11bd9bb95ec2dae3a5c0879a8b507566ebb290285db8599920c2a1a855502bbcb1c36d58308eaa96b34aa720b828611953348be11f3938970bfa8b424ab6bff92
x-tt-trace-id: 00-2512120327154E554AD789066A68F3EA-5E5E506B32B4FA3D-00
Server: TLB
X-Origin-Response-Time: 33,23.45.206.202
X-Akamai-Request-ID: 50dfe3ed.13643ad0
Expires: Thu, 11 Dec 2025 19:27:15 GMT
Cache-Control: max-age=0, no-cache, no-store
Pragma: no-cache
Date: Thu, 11 Dec 2025 19:27:15 GMT
X-Cache: TCP_MISS from a23-205-88-188.deploy.akamaitechnologies.com (AkamaiGHost/22.3.3-b96eb789855f5a681b2051b09007e89c) (-)
Connection: close
X-Cache-Remote: TCP_MISS from a23-45-206-202.deploy.akamaitechnologies.com (AkamaiGHost/22.3.3-b96eb789855f5a681b2051b09007e89c) (-)
x-tt-trace-tag: id=16;cdn-cache=miss;type=dyn
Server-Timing: cdn-cache; desc=MISS, edge; dur=121, origin; dur=33
Server-Timing: inner; dur=7
X-Parent-Response-Time: 151,23.205.88.188

{"code":40001,"message":"Permission denied.","request_id":"202512120327154E554AD789066A68F3EA"}

2025-12-11T19:27:14+00:00 DEBUG POST: https://business-api.tiktok.com/tbp/v2.0/shop/connection/disconnect?external_data=

--- EMPTY STRING ---
 ajax: no
2025-12-11T19:27:14+00:00 DEBUG Tt4b_Mapi_Class::tts_shop_disconnect: Response: 

HTTP/1.1 200 OK
Content-Type: application/json; charset=utf-8
Content-Length: 95
X-Api-Deprecation-Info: API for Business Version 1.3 is now live. To avoid disruption to your business, we recommend you migrate all calls to v1.3 as soon as possible. Please visit our migration guide for more details: https://ads.tiktok.com/marketing_api/docs?id=1740029169927169
X-Domain-Change-Info: We have moved to the new domain business-api.tiktok.com for API services after the Platform Upgrade on 09/30/2021. Please update all of your requests with the new domain if you haven't done so already. For more information, please visit https://ads.tiktok.com/marketing_api/docs?rid=esb88xalm6m&id=1709207085043713
X-Tt-Logid: 202512120327160C793786A239048EC8E8
Access-Control-Expose-Headers: x-tt-traceflag,x-tt-logid
x-tt-trace-host: 014b016772da484b14ea443830800fc502c4e9d908cbdf7b55403ff57d2e92c96471b40c8927b98c9f5050ee3a8a1eb8223818ec14513c04307fcbfafce4a8768f5b376df3adec23393045878ee3b0ef3b66d2f1f43a6f323dc54d607ed06461e1171f448e9f6363855d1c58dc0c8d0a09
x-tt-trace-id: 00-2512120327160C793786A239048EC8E8-78EC747746881DA6-00
Server: TLB
X-Origin-Response-Time: 46,23.45.206.202
X-Akamai-Request-ID: 50c922b9.19c46501
Expires: Thu, 11 Dec 2025 19:27:16 GMT
Cache-Control: max-age=0, no-cache, no-store
Pragma: no-cache
Date: Thu, 11 Dec 2025 19:27:16 GMT
X-Cache: TCP_MISS from a23-205-88-156.deploy.akamaitechnologies.com (AkamaiGHost/22.3.3-b96eb789855f5a681b2051b09007e89c) (-)
Connection: close
X-Cache-Remote: TCP_MISS from a23-45-206-202.deploy.akamaitechnologies.com (AkamaiGHost/22.3.3-b96eb789855f5a681b2051b09007e89c) (-)
x-tt-trace-tag: id=16;cdn-cache=miss;type=dyn
Server-Timing: cdn-cache; desc=MISS, edge; dur=83, origin; dur=46
Server-Timing: inner; dur=7
X-Parent-Response-Time: 126,23.205.88.156

{"code":40001,"message":"Permission denied.","request_id":"202512120327160C793786A239048EC8E8"}

